2017-05-31,16:10:48 SOQ_build_index::Creating maps begins
2017-05-31,16:10:48 SOQ_build_index::Creating maps ends

2017-05-31,16:10:48 SOQ_build_index::Creating the empty index begins
2017-05-31,16:10:48 SOQ_build_index::Creating the empty index is over
2017-05-31,16:10:48 SOQ_build_index::Inserting the data begins!
Inserting data/daily_update/features/surf_Snooker-Video_10121.txt
2017-05-31,16:10:48 SOQ_build_index::Inserting the data ends!
2017-05-31,16:15:31 SOQ_build_index::Creating maps begins
2017-05-31,16:15:31 SOQ_build_index::Creating maps ends

2017-05-31,16:15:31 SOQ_build_index::Creating the empty index begins
2017-05-31,16:15:31 SOQ_build_index::Creating the empty index is over
2017-05-31,16:15:31 SOQ_build_index::Inserting the data begins!
Inserting data/daily_update/features/surf_Snooker-Video_10121.txt
2017-05-31,16:15:32 SOQ_build_index::Inserting the data ends!
2017-05-31,19:22:50 SOQ_build_index::Creating maps begins
2017-05-31,19:22:50 SOQ_build_index::Creating maps ends

2017-05-31,19:22:50 SOQ_build_index::Creating the empty index begins
2017-05-31,19:22:50 SOQ_build_index::Creating the empty index is over
2017-05-31,19:22:50 SOQ_build_index::Inserting the data begins!
Inserting data/daily_update/features/surf_Snooker-Video_10121.txt
2017-05-31,19:22:50 SOQ_build_index::Inserting the data ends!
2017-05-31,19:27:52 SOQ_build_index::Creating maps begins
2017-05-31,19:27:52 SOQ_build_index::Creating maps ends

2017-05-31,19:27:52 SOQ_build_index::Creating the empty index begins
2017-05-31,19:27:52 SOQ_build_index::Creating the empty index is over
2017-05-31,19:27:52 SOQ_build_index::Inserting the data begins!
Inserting data/daily_update/features/surf_Snooker-Video_10121.txt
2017-05-31,19:27:53 SOQ_build_index::Inserting the data ends!
2017-05-31,20:47:43 SOQ_build_index::Creating maps begins
2017-05-31,20:47:43 SOQ_build_index::Creating maps ends

2017-05-31,20:47:43 SOQ_build_index::Creating the empty index begins
2017-05-31,20:47:43 SOQ_build_index::Creating the empty index is over
2017-05-31,20:47:43 SOQ_build_index::Inserting the data begins!
Inserting data/daily_update/features/surf_Snooker-Video_10121.txt
2017-05-31,20:47:43 SOQ_build_index::Inserting the data ends!
2017-05-31,20:55:48 SOQ_build_index::Creating maps begins
2017-05-31,20:55:48 SOQ_build_index::Creating maps ends

2017-05-31,20:55:48 SOQ_build_index::Creating the empty index begins
2017-05-31,20:55:48 SOQ_build_index::Creating the empty index is over
2017-05-31,20:55:48 SOQ_build_index::Inserting the data begins!
Inserting data/daily_update/features/surf_Snooker-Video_10121.txt
2017-05-31,20:55:48 SOQ_build_index::Inserting the data ends!
2017-05-31,20:57:15 SOQ_build_index::Creating maps begins
2017-05-31,20:57:15 SOQ_build_index::Creating maps ends

2017-05-31,20:57:16 SOQ_build_index::Creating the empty index begins
2017-05-31,20:57:16 SOQ_build_index::Creating the empty index is over
2017-05-31,20:57:16 SOQ_build_index::Inserting the data begins!
Inserting data/daily_update/features/surf_Snooker-Video_10121.txt
2017-05-31,20:57:16 SOQ_build_index::Inserting the data ends!
2017-05-31,21:05:51 SOQ_build_index::Creating maps begins
2017-05-31,21:05:52 SOQ_build_index::Creating maps ends

2017-05-31,21:05:52 SOQ_build_index::Creating the empty index begins
2017-05-31,21:05:52 SOQ_build_index::Creating the empty index is over
2017-05-31,21:05:52 SOQ_build_index::Inserting the data begins!
Inserting data/daily_update/features/surf_Snooker-Video_10121.txt
2017-05-31,21:05:52 SOQ_build_index::Inserting the data ends!
2017-05-31,21:08:38 SOQ_build_index::Creating maps begins
2017-05-31,21:08:39 SOQ_build_index::Creating maps ends

2017-05-31,21:08:39 SOQ_build_index::Creating the empty index begins
2017-05-31,21:08:39 SOQ_build_index::Creating the empty index is over
2017-05-31,21:08:39 SOQ_build_index::Inserting the data begins!
Inserting data/daily_update/features/surf_Snooker-Video_10121.txt
2017-05-31,21:08:39 SOQ_build_index::Inserting the data ends!
2017-05-31,21:09:49 SOQ_build_index::Creating maps begins
2017-05-31,21:09:49 SOQ_build_index::Creating maps ends

2017-05-31,21:09:49 SOQ_build_index::Creating the empty index begins
2017-05-31,21:09:49 SOQ_build_index::Creating the empty index is over
2017-05-31,21:09:49 SOQ_build_index::Inserting the data begins!
Inserting data/daily_update/features/surf_Snooker-Video_10121.txt
2017-05-31,21:09:50 SOQ_build_index::Inserting the data ends!
2017-05-31,21:12:13 SOQ_build_index::Creating maps begins
2017-05-31,21:12:13 SOQ_build_index::Creating maps ends

2017-05-31,21:12:13 SOQ_build_index::Creating the empty index begins
2017-05-31,21:12:13 SOQ_build_index::Creating the empty index is over
2017-05-31,21:12:13 SOQ_build_index::Inserting the data begins!
Inserting data/daily_update/features/surf_Video_10121.txt
Inserting data/daily_update/features/surf_Snooker-Video_10121.txt
2017-05-31,21:12:13 SOQ_build_index::Inserting the data ends!
2017-05-31,21:13:22 SOQ_build_index::Creating maps begins
2017-05-31,21:13:22 SOQ_build_index::Creating maps ends

2017-05-31,21:13:23 SOQ_build_index::Creating the empty index begins
2017-05-31,21:13:23 SOQ_build_index::Creating the empty index is over
2017-05-31,21:13:23 SOQ_build_index::Inserting the data begins!
Inserting data/daily_update/features/surf_Video_10121.txt
Inserting data/daily_update/features/surf_Snooker-Video_10121.txt
2017-05-31,21:13:23 SOQ_build_index::Inserting the data ends!
2017-05-31,21:24:05 SOQ_build_index::Creating maps begins
2017-05-31,21:24:05 SOQ_build_index::Creating maps ends

2017-05-31,21:24:05 SOQ_build_index::Creating the empty index begins
2017-05-31,21:24:05 SOQ_build_index::Creating the empty index is over
2017-05-31,21:24:05 SOQ_build_index::Inserting the data begins!
Inserting data/daily_update/features/surf_Video_10121.txt
2017-05-31,21:24:05 SOQ_build_index::Inserting the data ends!
2017-06-02,10:22:47 SOQ_build_index::Creating maps begins
2017-06-02,10:22:48 SOQ_build_index::Creating maps ends

2017-06-02,10:22:48 SOQ_build_index::Creating the empty index begins
2017-06-02,10:22:48 SOQ_build_index::Creating the empty index is over
2017-06-02,10:22:48 SOQ_build_index::Inserting the data begins!
Inserting data/daily_update/features/surf_Video_10121.txt
2017-06-02,10:22:48 SOQ_build_index::Inserting the data ends!
2017-06-02,10:23:20 SOQ_build_index::Creating maps begins
2017-06-02,10:23:20 SOQ_build_index::Creating maps ends

2017-06-02,10:23:20 SOQ_build_index::Creating the empty index begins
2017-06-02,10:23:20 SOQ_build_index::Creating the empty index is over
2017-06-02,10:23:20 SOQ_build_index::Inserting the data begins!
2017-06-02,10:23:20 SOQ_build_index::Inserting the data ends!
2017-06-02,10:23:40 SOQ_build_index::Creating maps begins
2017-06-02,10:23:40 SOQ_build_index::Creating maps ends

2017-06-02,10:23:40 SOQ_build_index::Creating the empty index begins
2017-06-02,10:23:40 SOQ_build_index::Creating the empty index is over
2017-06-02,10:23:40 SOQ_build_index::Inserting the data begins!
2017-06-02,10:23:40 SOQ_build_index::Inserting the data ends!
